<?xml version="1.0" encoding="utf-8"?>
<test-run id="2" name="XRepo.Scenarios.exe" fullname="C:/src/xrepo/src/Scenarios/bin/Debug/XRepo.Scenarios.exe" testcasecount="0" result="Failed" label="Invalid" start-time="2017-02-11 22:29:26Z" end-time="2017-02-11 22:29:26Z" duration="0.005828" total="0" passed="0" failed="0" inconclusive="0" skipped="0" asserts="0" random-seed="1435762418">
  <command-line><![CDATA[src\Scenarios\bin\Debug\XRepo.Scenarios.exe]]></command-line>
  <filter />
  <test-suite type="Assembly" id="1000" name="XRepo.Scenarios.exe" fullname="C:/src/xrepo/src/Scenarios/bin/Debug/XRepo.Scenarios.exe" runstate="NotRunnable" testcasecount="0" result="Failed" label="Invalid" site="SetUp" start-time="2017-02-11 22:29:26Z" end-time="2017-02-11 22:29:26Z" duration="0.005828" total="0" passed="0" failed="0" warnings="0" inconclusive="0" skipped="0" asserts="0">
    <environment framework-version="3.6.0.0" clr-version="4.0.30319.42000" os-version="Microsoft Windows NT 6.2.9200.0" platform="Win32NT" cwd="C:\src\xrepo" machine-name="DESKTOP-G07I67R" user="aalm" user-domain="DESKTOP-G07I67R" culture="en-US" uiculture="en-US" os-architecture="x86" />
    <settings>
      <setting name="WorkDirectory" value="C:\src\xrepo" />
      <setting name="NumberOfTestWorkers" value="8" />
    </settings>
    <properties>
      <property name="_SKIPREASON" value="Has no TestFixtures" />
      <property name="_PID" value="13876" />
      <property name="_APPDOMAIN" value="XRepo.Scenarios.exe" />
    </properties>
    <failure>
      <message><![CDATA[Has no TestFixtures]]></message>
    </failure>
  </test-suite>
</test-run>